<?xml version="1.0" encoding="UTF-8"?>
<!-- Generated by org.testng.reporters.JUnitReportReporter -->
<testsuite hostname="user-PC" failures="0" tests="1" name="Test_cases.sample" time="6.138" errors="0" timestamp="2021-03-05T18:14:56 IST" skipped="0">
  <testcase classname="Test_cases.sample" name="test" time="6.138"/>
  <system-out/>
</testsuite> <!-- Test_cases.sample -->
