<?xml version="1.0" encoding="UTF-8"?>
<!-- Generated by org.testng.reporters.JUnitReportReporter -->
<testsuite hostname="user-PC" failures="0" tests="1" name="Test_cases.Login_Verify" time="7.647" errors="0" timestamp="2021-03-05T12:37:44 IST" skipped="0">
  <testcase classname="Test_cases.Login_Verify" name="check_user" time="7.647"/>
  <system-out/>
</testsuite> <!-- Test_cases.Login_Verify -->
