<?xml version="1.0" encoding="UTF-8"?>
<!-- Generated by org.testng.reporters.JUnitReportReporter -->
<testsuite hostname="user-PC" failures="0" tests="1" name="Test_cases.purchaseRequestSave" time="12.877" errors="0" timestamp="2021-03-05T15:13:57 IST" skipped="0">
  <testcase classname="Test_cases.purchaseRequestSave" name="PurchaseRequest" time="12.877"/>
  <system-out/>
</testsuite> <!-- Test_cases.purchaseRequestSave -->
